Построение начато 27.05.2019 5:14:19.
     1>Проект "C:\Users\VALERA\Documents\Visual Studio 2010\Projects\CourseProject\ftpserver\ftpserver\ftpserver.vcxproj" в узле 2 (целевые объекты build).
     1>InitializeBuildStatus:
         Создание "Debug\ftpserver.unsuccessfulbuild", так как было задано "AlwaysCreate".
       ClCompile:
         C:\Program Files (x86)\Microsoft Visual Studio 10.0\VC\bin\CL.exe /c /ZI /nologo /W3 /WX- /Od /Oy- /D WIN32 /D _DEBUG /D _CONSOLE /Gm /EHsc /RTC1 /MDd /GS /fp:precise /Zc:wchar_t /Zc:forScope /Fo"Debug\\" /Fd"Debug\vc100.pdb" /Gd /TP /analyze- /errorReport:prompt ConnectSocket.cpp
         ConnectSocket.cpp
     1>c:\users\valera\documents\visual studio 2010\projects\courseproject\ftpserver\ftpserver\connectsocket.cpp(19): warning C4996: 'strcpy': This function or variable may be unsafe. Consider using strcpy_s instead. To disable deprecation, use _CRT_SECURE_NO_WARNINGS. See online help for details.
                 c:\program files (x86)\microsoft visual studio 10.0\vc\include\string.h(105): см. объявление "strcpy"
     1>c:\users\valera\documents\visual studio 2010\projects\courseproject\ftpserver\ftpserver\connectsocket.cpp(98): warning C4996: 'sscanf': This function or variable may be unsafe. Consider using sscanf_s instead. To disable deprecation, use _CRT_SECURE_NO_WARNINGS. See online help for details.
                 c:\program files (x86)\microsoft visual studio 10.0\vc\include\stdio.h(325): см. объявление "sscanf"
     1>c:\users\valera\documents\visual studio 2010\projects\courseproject\ftpserver\ftpserver\connectsocket.cpp(140): warning C4996: 'strcat': This function or variable may be unsafe. Consider using strcat_s instead. To disable deprecation, use _CRT_SECURE_NO_WARNINGS. See online help for details.
                 c:\program files (x86)\microsoft visual studio 10.0\vc\include\string.h(110): см. объявление "strcat"
     1>c:\users\valera\documents\visual studio 2010\projects\courseproject\ftpserver\ftpserver\connectsocket.cpp(204): warning C4996: 'mkdir': The POSIX name for this item is deprecated. Instead, use the ISO C++ conformant name: _mkdir. See online help for details.
                 c:\program files (x86)\microsoft visual studio 10.0\vc\include\direct.h(124): см. объявление "mkdir"
     1>c:\users\valera\documents\visual studio 2010\projects\courseproject\ftpserver\ftpserver\connectsocket.cpp(225): warning C4018: <: несоответствие типов со знаком и без знака
     1>c:\users\valera\documents\visual studio 2010\projects\courseproject\ftpserver\ftpserver\connectsocket.cpp(35): warning C4101: iResult: неиспользованная локальная переменная
     1>c:\users\valera\documents\visual studio 2010\projects\courseproject\ftpserver\ftpserver\connectsocket.cpp(34): warning C4101: iSendResult: неиспользованная локальная переменная
     1>c:\users\valera\documents\visual studio 2010\projects\courseproject\ftpserver\ftpserver\connectsocket.cpp(82): warning C4101: sendvbuf: неиспользованная локальная переменная
     1>c:\users\valera\documents\visual studio 2010\projects\courseproject\ftpserver\ftpserver\connectsocket.cpp(33): warning C4101: hints: неиспользованная локальная переменная
     1>c:\users\valera\documents\visual studio 2010\projects\courseproject\ftpserver\ftpserver\connectsocket.cpp(374): warning C4715: ConnectSocket::OnReceive: значение возвращается не при всех путях выполнения
       Link:
         C:\Program Files (x86)\Microsoft Visual Studio 10.0\VC\bin\link.exe /ERRORREPORT:PROMPT /OUT:"C:\Users\VALERA\Documents\Visual Studio 2010\Projects\CourseProject\ftpserver\Debug\ftpserver.exe" /INCREMENTAL:NO /NOLOGO kernel32.lib user32.lib gdi32.lib winspool.lib comdlg32.lib advapi32.lib shell32.lib ole32.lib oleaut32.lib uuid.lib odbc32.lib odbccp32.lib /MANIFEST /ManifestFile:"Debug\ftpserver.exe.intermediate.manifest" /MANIFESTUAC:"level='asInvoker' uiAccess='false'" /DEBUG /PDB:"C:\Users\VALERA\Documents\Visual Studio 2010\Projects\CourseProject\ftpserver\Debug\ftpserver.pdb" /SUBSYSTEM:CONSOLE /TLBID:1 /DYNAMICBASE /NXCOMPAT /IMPLIB:"C:\Users\VALERA\Documents\Visual Studio 2010\Projects\CourseProject\ftpserver\Debug\ftpserver.lib" /MACHINE:X86 Debug\ConnectSocket.obj
         Debug\ConnectThread.obj
         Debug\DataSocket.obj
         Debug\ftpserver.obj
         Debug\ListenSocket.obj
         Debug\main.obj
         Debug\UserManager.obj
     1>ConnectSocket.obj : warning LNK4075: не учитывается "/EDITANDCONTINUE" из-за спецификации "/INCREMENTAL:NO"
         ftpserver.vcxproj -> C:\Users\VALERA\Documents\Visual Studio 2010\Projects\CourseProject\ftpserver\Debug\ftpserver.exe
       Manifest:
         C:\Program Files (x86)\Microsoft SDKs\Windows\v7.0A\bin\mt.exe /nologo /verbose /outputresource:"C:\Users\VALERA\Documents\Visual Studio 2010\Projects\CourseProject\ftpserver\Debug\ftpserver.exe;#1" /manifest Debug\ftpserver.exe.intermediate.manifest
       FinalizeBuildStatus:
         Файл "Debug\ftpserver.unsuccessfulbuild" удаляется.
         Обращение к "Debug\ftpserver.lastbuildstate".
     1>Построение проекта "C:\Users\VALERA\Documents\Visual Studio 2010\Projects\CourseProject\ftpserver\ftpserver\ftpserver.vcxproj" завершено (целевые объекты build).

Построение успешно завершено.

Затраченное время: 00:00:01.93
