C:\USERS\VALERA\DOCUMENTS\VISUAL STUDIO 2010\PROJECTS\COURSEPROJECT\FTPSERVER\DEBUG\FTPSERVER.EXE
C:\USERS\VALERA\DOCUMENTS\VISUAL STUDIO 2010\PROJECTS\COURSEPROJECT\FTPSERVER\DEBUG\FTPSERVER.PDB
C:\USERS\VALERA\DOCUMENTS\VISUAL STUDIO 2010\PROJECTS\COURSEPROJECT\FTPSERVER\FTPSERVER\DEBUG\FTPSERVER.EXE.INTERMEDIATE.MANIFEST
C:\USERS\VALERA\DOCUMENTS\VISUAL STUDIO 2010\PROJECTS\COURSEPROJECT\FTPSERVER\FTPSERVER\DEBUG\FTPSERVER.OBJ
C:\USERS\VALERA\DOCUMENTS\VISUAL STUDIO 2010\PROJECTS\COURSEPROJECT\FTPSERVER\FTPSERVER\DEBUG\VC100.PDB
C:\USERS\Марина\DOCUMENTS\VISUAL STUDIO 2010\PROJECTS\FTPCLIENT\DEBUG\FTPSERVER.EXE
C:\USERS\Марина\DOCUMENTS\VISUAL STUDIO 2010\PROJECTS\FTPSERVER\DEBUG\FTPSERVER.EXE
C:\USERS\МАРИНА\DOCUMENTS\VISUAL STUDIO 2010\PROJECTS\FTPSERVER\DEBUG\FTPSERVER.PDB
C:\Users\Марина\documents\visual studio 2010\Projects\ftpserver\ftpserver\Debug\cl.command.1.tlog
C:\Users\Марина\documents\visual studio 2010\Projects\ftpserver\ftpserver\Debug\CL.read.1.tlog
C:\Users\Марина\documents\visual studio 2010\Projects\ftpserver\ftpserver\Debug\CL.write.1.tlog
C:\USERS\Марина\DOCUMENTS\VISUAL STUDIO 2010\PROJECTS\FTPSERVER\FTPSERVER\DEBUG\FTPSERVER.EXE.INTERMEDIATE.MANIFEST
C:\USERS\Марина\DOCUMENTS\VISUAL STUDIO 2010\PROJECTS\FTPSERVER\FTPSERVER\DEBUG\FTPSERVER.OBJ
C:\Users\Марина\documents\visual studio 2010\Projects\ftpserver\ftpserver\Debug\ftpserver.vcxprojResolveAssemblyReference.cache
C:\Users\Марина\documents\visual studio 2010\Projects\ftpserver\ftpserver\Debug\ftpserver.write.1.tlog
C:\Users\Марина\documents\visual studio 2010\Projects\ftpserver\ftpserver\Debug\link.command.1.tlog
C:\Users\Марина\documents\visual studio 2010\Projects\ftpserver\ftpserver\Debug\link.read.1.tlog
C:\Users\Марина\documents\visual studio 2010\Projects\ftpserver\ftpserver\Debug\link.write.1.tlog
C:\Users\Марина\documents\visual studio 2010\Projects\ftpserver\ftpserver\Debug\mt.command.1.tlog
C:\Users\Марина\documents\visual studio 2010\Projects\ftpserver\ftpserver\Debug\mt.read.1.tlog
C:\Users\Марина\documents\visual studio 2010\Projects\ftpserver\ftpserver\Debug\mt.write.1.tlog
C:\Users\Марина\documents\visual studio 2010\Projects\ftpserver\ftpserver\Debug\vc100.idb
C:\USERS\МАРИНА\DOCUMENTS\VISUAL STUDIO 2010\PROJECTS\FTPSERVER\FTPSERVER\DEBUG\VC100.PDB
C:\WINDOWS\MICROSOFT.NET\FRAMEWORK\V2.0.50727\MSCORWKS.DLL
C:\WINDOWS\MICROSOFT.NET\FRAMEWORK\V4.0.30319\CLR.DLL
